<?xml version="1.0" encoding="UTF-8"?>
<!-- Generated by org.testng.reporters.JUnitReportReporter -->
<testsuite skipped="0" hostname="DESKTOP-TTL6LUL" name="AutomationTestUser.PasswordTest" tests="17" failures="0" timestamp="2021-03-10T10:09:17 ICT" time="38.731" errors="0">
  <testcase name="Add_20" time="2.174" classname="AutomationTestUser.PasswordTest"/>
  <system-out/>
  <testcase name="Add_38" time="2.142" classname="AutomationTestUser.PasswordTest"/>
  <system-out/>
  <testcase name="Add_39" time="2.382" classname="AutomationTestUser.PasswordTest"/>
  <system-out/>
  <testcase name="Add_40" time="2.250" classname="AutomationTestUser.PasswordTest"/>
  <system-out/>
  <testcase name="Add_41" time="2.454" classname="AutomationTestUser.PasswordTest"/>
  <system-out/>
  <testcase name="Add_42" time="2.263" classname="AutomationTestUser.PasswordTest"/>
  <system-out/>
  <testcase name="Add_43" time="2.193" classname="AutomationTestUser.PasswordTest"/>
  <system-out/>
  <testcase name="Add_44" time="2.338" classname="AutomationTestUser.PasswordTest"/>
  <system-out/>
  <testcase name="Add_45" time="2.460" classname="AutomationTestUser.PasswordTest"/>
  <system-out/>
  <testcase name="Add_46" time="2.388" classname="AutomationTestUser.PasswordTest"/>
  <system-out/>
  <testcase name="Add_47" time="2.274" classname="AutomationTestUser.PasswordTest"/>
  <system-out/>
  <testcase name="Add_48" time="2.268" classname="AutomationTestUser.PasswordTest"/>
  <system-out/>
  <testcase name="Add_49" time="2.115" classname="AutomationTestUser.PasswordTest"/>
  <system-out/>
  <testcase name="Add_50" time="2.266" classname="AutomationTestUser.PasswordTest"/>
  <system-out/>
  <testcase name="Add_51" time="2.278" classname="AutomationTestUser.PasswordTest"/>
  <system-out/>
  <testcase name="Add_52" time="2.307" classname="AutomationTestUser.PasswordTest"/>
  <system-out/>
  <testcase name="Add_53" time="2.179" classname="AutomationTestUser.PasswordTest"/>
  <system-out/>
</testsuite> <!-- AutomationTestUser.PasswordTest -->
