<?xml version="1.0" encoding="UTF-8"?>
<!-- Generated by org.testng.reporters.JUnitReportReporter -->
<testsuite skipped="0" hostname="DESKTOP-TTL6LUL" name="UnitTest.DependentDAOTest" tests="32" failures="0" timestamp="2021-03-10T10:09:17 ICT" time="2.867" errors="0">
  <testcase name="insertStaff" time="0.094" classname="UnitTest.DependentDAOTest"/>
  <system-out/>
  <testcase name="insertStaff" time="0.093" classname="UnitTest.DependentDAOTest"/>
  <system-out/>
  <testcase name="insertStaff" time="0.146" classname="UnitTest.DependentDAOTest"/>
  <system-out/>
  <testcase name="insertStaff" time="0.066" classname="UnitTest.DependentDAOTest"/>
  <system-out/>
  <testcase name="insertStaff" time="0.132" classname="UnitTest.DependentDAOTest"/>
  <system-out/>
  <testcase name="insertStaff" time="0.061" classname="UnitTest.DependentDAOTest"/>
  <system-out/>
  <testcase name="insertStaff" time="0.101" classname="UnitTest.DependentDAOTest"/>
  <system-out/>
  <testcase name="insertStaff" time="0.083" classname="UnitTest.DependentDAOTest"/>
  <system-out/>
  <testcase name="insertStaff" time="0.094" classname="UnitTest.DependentDAOTest"/>
  <system-out/>
  <testcase name="insertStaff" time="0.096" classname="UnitTest.DependentDAOTest"/>
  <system-out/>
  <testcase name="insertStaff" time="0.056" classname="UnitTest.DependentDAOTest"/>
  <system-out/>
  <testcase name="insertStaff" time="0.135" classname="UnitTest.DependentDAOTest"/>
  <system-out/>
  <testcase name="insertStaff" time="0.113" classname="UnitTest.DependentDAOTest"/>
  <system-out/>
  <testcase name="insertStaff" time="0.072" classname="UnitTest.DependentDAOTest"/>
  <system-out/>
  <testcase name="insertStaff" time="0.101" classname="UnitTest.DependentDAOTest"/>
  <system-out/>
  <testcase name="insertStaff" time="0.083" classname="UnitTest.DependentDAOTest"/>
  <system-out/>
  <testcase name="insertStaff" time="0.110" classname="UnitTest.DependentDAOTest"/>
  <system-out/>
  <testcase name="insertStaff" time="0.057" classname="UnitTest.DependentDAOTest"/>
  <system-out/>
  <testcase name="insertStaff" time="0.091" classname="UnitTest.DependentDAOTest"/>
  <system-out/>
  <testcase name="insertStaff" time="0.065" classname="UnitTest.DependentDAOTest"/>
  <system-out/>
  <testcase name="insertStaff" time="0.093" classname="UnitTest.DependentDAOTest"/>
  <system-out/>
  <testcase name="insertStaff" time="0.110" classname="UnitTest.DependentDAOTest"/>
  <system-out/>
  <testcase name="insertStaff" time="0.073" classname="UnitTest.DependentDAOTest"/>
  <system-out/>
  <testcase name="insertStaff" time="0.089" classname="UnitTest.DependentDAOTest"/>
  <system-out/>
  <testcase name="insertStaff" time="0.102" classname="UnitTest.DependentDAOTest"/>
  <system-out/>
  <testcase name="insertStaff" time="0.093" classname="UnitTest.DependentDAOTest"/>
  <system-out/>
  <testcase name="insertStaff" time="0.089" classname="UnitTest.DependentDAOTest"/>
  <system-out/>
  <testcase name="insertStaff" time="0.105" classname="UnitTest.DependentDAOTest"/>
  <system-out/>
  <testcase name="insertStaff" time="0.056" classname="UnitTest.DependentDAOTest"/>
  <system-out/>
  <testcase name="insertStaff" time="0.062" classname="UnitTest.DependentDAOTest"/>
  <system-out/>
  <testcase name="insertStaff" time="0.075" classname="UnitTest.DependentDAOTest"/>
  <system-out/>
  <testcase name="insertStaff" time="0.071" classname="UnitTest.DependentDAOTest"/>
  <system-out/>
</testsuite> <!-- UnitTest.DependentDAOTest -->
