<?xml version="1.0" encoding="UTF-8"?>
<!-- Generated by org.testng.reporters.JUnitReportReporter -->
<testsuite skipped="0" hostname="DESKTOP-TTL6LUL" name="UnitTest.RecordDAOTest" tests="14" failures="0" timestamp="2021-03-10T10:09:17 ICT" time="1.768" errors="0">
  <testcase name="inserRecord" time="0.124" classname="UnitTest.RecordDAOTest"/>
  <system-out/>
  <testcase name="inserRecord" time="0.094" classname="UnitTest.RecordDAOTest"/>
  <system-out/>
  <testcase name="inserRecord" time="0.120" classname="UnitTest.RecordDAOTest"/>
  <system-out/>
  <testcase name="inserRecord" time="0.179" classname="UnitTest.RecordDAOTest"/>
  <system-out/>
  <testcase name="inserRecord" time="0.101" classname="UnitTest.RecordDAOTest"/>
  <system-out/>
  <testcase name="inserRecord" time="0.098" classname="UnitTest.RecordDAOTest"/>
  <system-out/>
  <testcase name="inserRecord" time="0.251" classname="UnitTest.RecordDAOTest"/>
  <system-out/>
  <testcase name="inserRecord" time="0.164" classname="UnitTest.RecordDAOTest"/>
  <system-out/>
  <testcase name="inserRecord" time="0.088" classname="UnitTest.RecordDAOTest"/>
  <system-out/>
  <testcase name="inserRecord" time="0.100" classname="UnitTest.RecordDAOTest"/>
  <system-out/>
  <testcase name="inserRecord" time="0.112" classname="UnitTest.RecordDAOTest"/>
  <system-out/>
  <testcase name="inserRecord" time="0.097" classname="UnitTest.RecordDAOTest"/>
  <system-out/>
  <testcase name="inserRecord" time="0.111" classname="UnitTest.RecordDAOTest"/>
  <system-out/>
  <testcase name="inserRecord" time="0.129" classname="UnitTest.RecordDAOTest"/>
  <system-out/>
</testsuite> <!-- UnitTest.RecordDAOTest -->
