<?xml version="1.0" encoding="UTF-8"?>
<!-- Generated by org.testng.reporters.JUnitReportReporter -->
<testsuite skipped="0" hostname="DESKTOP-TTL6LUL" name="AutomationTest.IDTest" tests="17" failures="0" timestamp="2021-03-10T16:40:29 ICT" time="31.638" errors="0">
  <testcase name="Add_01" time="1.859" classname="AutomationTest.IDTest"/>
  <system-out/>
  <testcase name="Add_02" time="1.821" classname="AutomationTest.IDTest"/>
  <system-out/>
  <testcase name="Add_03" time="2.010" classname="AutomationTest.IDTest"/>
  <system-out/>
  <testcase name="Add_04" time="1.753" classname="AutomationTest.IDTest"/>
  <system-out/>
  <testcase name="Add_05" time="1.821" classname="AutomationTest.IDTest"/>
  <system-out/>
  <testcase name="Add_06" time="1.705" classname="AutomationTest.IDTest"/>
  <system-out/>
  <testcase name="Add_07" time="1.787" classname="AutomationTest.IDTest"/>
  <system-out/>
  <testcase name="Add_08" time="2.461" classname="AutomationTest.IDTest"/>
  <system-out/>
  <testcase name="Add_09" time="1.730" classname="AutomationTest.IDTest"/>
  <system-out/>
  <testcase name="Add_10" time="1.935" classname="AutomationTest.IDTest"/>
  <system-out/>
  <testcase name="Add_11" time="1.757" classname="AutomationTest.IDTest"/>
  <system-out/>
  <testcase name="Add_12" time="1.793" classname="AutomationTest.IDTest"/>
  <system-out/>
  <testcase name="Add_13" time="2.109" classname="AutomationTest.IDTest"/>
  <system-out/>
  <testcase name="Add_14" time="1.595" classname="AutomationTest.IDTest"/>
  <system-out/>
  <testcase name="Add_15" time="1.857" classname="AutomationTest.IDTest"/>
  <system-out/>
  <testcase name="Add_16" time="1.895" classname="AutomationTest.IDTest"/>
  <system-out/>
  <testcase name="Add_17" time="1.750" classname="AutomationTest.IDTest"/>
  <system-out/>
</testsuite> <!-- AutomationTest.IDTest -->
