<?xml version="1.0" encoding="UTF-8"?>
<!-- Generated by org.testng.reporters.JUnitReportReporter -->
<testsuite skipped="0" hostname="DESKTOP-TTL6LUL" name="AutomationTest.NoteTest" tests="10" failures="0" timestamp="2021-03-10T10:09:17 ICT" time="28.803" errors="0">
  <testcase name="Add_91" time="2.334" classname="AutomationTest.NoteTest"/>
  <system-out/>
  <testcase name="Add_92" time="2.845" classname="AutomationTest.NoteTest"/>
  <system-out/>
  <testcase name="Add_93" time="2.544" classname="AutomationTest.NoteTest"/>
  <system-out/>
  <testcase name="Add_94" time="3.004" classname="AutomationTest.NoteTest"/>
  <system-out/>
  <testcase name="Add_95" time="3.022" classname="AutomationTest.NoteTest"/>
  <system-out/>
  <testcase name="Add_96" time="3.508" classname="AutomationTest.NoteTest"/>
  <system-out/>
  <testcase name="Add_97" time="2.397" classname="AutomationTest.NoteTest"/>
  <system-out/>
  <testcase name="Add_98" time="2.860" classname="AutomationTest.NoteTest"/>
  <system-out/>
  <testcase name="Add_99" time="3.662" classname="AutomationTest.NoteTest"/>
  <system-out/>
  <testcase name="Add_100" time="2.627" classname="AutomationTest.NoteTest"/>
  <system-out/>
</testsuite> <!-- AutomationTest.NoteTest -->
