<?xml version="1.0" encoding="UTF-8"?>
<!-- Generated by org.testng.reporters.JUnitReportReporter -->
<testsuite skipped="0" hostname="DESKTOP-TTL6LUL" name="AutomationTest.EmailTest" tests="18" failures="0" timestamp="2021-03-10T10:09:17 ICT" time="36.387" errors="0">
  <testcase name="Add_53" time="1.878" classname="AutomationTest.EmailTest"/>
  <system-out/>
  <testcase name="Add_54" time="1.841" classname="AutomationTest.EmailTest"/>
  <system-out/>
  <testcase name="Add_55" time="1.767" classname="AutomationTest.EmailTest"/>
  <system-out/>
  <testcase name="Add_56" time="1.903" classname="AutomationTest.EmailTest"/>
  <system-out/>
  <testcase name="Add_57" time="2.110" classname="AutomationTest.EmailTest"/>
  <system-out/>
  <testcase name="Add_58" time="2.195" classname="AutomationTest.EmailTest"/>
  <system-out/>
  <testcase name="Add_59" time="2.196" classname="AutomationTest.EmailTest"/>
  <system-out/>
  <testcase name="Add_60" time="2.484" classname="AutomationTest.EmailTest"/>
  <system-out/>
  <testcase name="Add_61" time="2.071" classname="AutomationTest.EmailTest"/>
  <system-out/>
  <testcase name="Add_62" time="1.836" classname="AutomationTest.EmailTest"/>
  <system-out/>
  <testcase name="Add_63" time="1.915" classname="AutomationTest.EmailTest"/>
  <system-out/>
  <testcase name="Add_64" time="1.890" classname="AutomationTest.EmailTest"/>
  <system-out/>
  <testcase name="Add_65" time="1.904" classname="AutomationTest.EmailTest"/>
  <system-out/>
  <testcase name="Add_66" time="1.830" classname="AutomationTest.EmailTest"/>
  <system-out/>
  <testcase name="Add_67" time="2.121" classname="AutomationTest.EmailTest"/>
  <system-out/>
  <testcase name="Add_68" time="1.928" classname="AutomationTest.EmailTest"/>
  <system-out/>
  <testcase name="Add_69" time="2.465" classname="AutomationTest.EmailTest"/>
  <system-out/>
  <testcase name="Add_70" time="2.053" classname="AutomationTest.EmailTest"/>
  <system-out/>
</testsuite> <!-- AutomationTest.EmailTest -->
