<?xml version="1.0" encoding="UTF-8"?>
<!-- Generated by org.testng.reporters.JUnitReportReporter -->
<testsuite skipped="0" hostname="DESKTOP-TTL6LUL" name="UnitTest.DeleteDepartmentDAOTest" tests="1" failures="0" timestamp="2021-03-10T13:28:36 ICT" time="0.634" errors="0">
  <testcase name="delete_02" time="0.634" classname="UnitTest.DeleteDepartmentDAOTest"/>
  <system-out/>
</testsuite> <!-- UnitTest.DeleteDepartmentDAOTest -->
