<?xml version="1.0" encoding="UTF-8"?>
<!-- Generated by org.testng.reporters.JUnitReportReporter -->
<testsuite skipped="0" hostname="DESKTOP-TTL6LUL" name="UnitTest.StaffDAOTest" tests="49" failures="0" timestamp="2021-03-10T10:09:17 ICT" time="4.843" errors="0">
  <testcase name="insertStaff" time="0.145" classname="UnitTest.StaffDAOTest"/>
  <system-out/>
  <testcase name="insertStaff15" time="0.079" classname="UnitTest.StaffDAOTest"/>
  <system-out/>
  <testcase name="insertStaff2" time="0.079" classname="UnitTest.StaffDAOTest"/>
  <system-out/>
  <testcase name="insertStaff39" time="0.135" classname="UnitTest.StaffDAOTest"/>
  <system-out/>
  <testcase name="insertStaff31" time="0.080" classname="UnitTest.StaffDAOTest"/>
  <system-out/>
  <testcase name="insertStaff23" time="0.091" classname="UnitTest.StaffDAOTest"/>
  <system-out/>
  <testcase name="insertStaff30" time="0.086" classname="UnitTest.StaffDAOTest"/>
  <system-out/>
  <testcase name="insertStaff14" time="0.072" classname="UnitTest.StaffDAOTest"/>
  <system-out/>
  <testcase name="insertStaff16" time="0.168" classname="UnitTest.StaffDAOTest"/>
  <system-out/>
  <testcase name="insertStaff36" time="0.099" classname="UnitTest.StaffDAOTest"/>
  <system-out/>
  <testcase name="insertStaff4" time="0.119" classname="UnitTest.StaffDAOTest"/>
  <system-out/>
  <testcase name="insertStaff46" time="0.127" classname="UnitTest.StaffDAOTest"/>
  <system-out/>
  <testcase name="insertStaff43" time="0.106" classname="UnitTest.StaffDAOTest"/>
  <system-out/>
  <testcase name="insertStaff44" time="0.082" classname="UnitTest.StaffDAOTest"/>
  <system-out/>
  <testcase name="insertStaff38" time="0.071" classname="UnitTest.StaffDAOTest"/>
  <system-out/>
  <testcase name="insertStaff6" time="0.119" classname="UnitTest.StaffDAOTest"/>
  <system-out/>
  <testcase name="insertStaff9" time="0.079" classname="UnitTest.StaffDAOTest"/>
  <system-out/>
  <testcase name="insertStaff42" time="0.089" classname="UnitTest.StaffDAOTest"/>
  <system-out/>
  <testcase name="insertStaff20" time="0.080" classname="UnitTest.StaffDAOTest"/>
  <system-out/>
  <testcase name="insertStaff27" time="0.078" classname="UnitTest.StaffDAOTest"/>
  <system-out/>
  <testcase name="insertStaff5" time="0.106" classname="UnitTest.StaffDAOTest"/>
  <system-out/>
  <testcase name="insertStaff10" time="0.125" classname="UnitTest.StaffDAOTest"/>
  <system-out/>
  <testcase name="insertStaff1" time="0.155" classname="UnitTest.StaffDAOTest"/>
  <system-out/>
  <testcase name="insertStaff24" time="0.071" classname="UnitTest.StaffDAOTest"/>
  <system-out/>
  <testcase name="insertStaff26" time="0.072" classname="UnitTest.StaffDAOTest"/>
  <system-out/>
  <testcase name="insertStaff7" time="0.114" classname="UnitTest.StaffDAOTest"/>
  <system-out/>
  <testcase name="insertStaff47" time="0.099" classname="UnitTest.StaffDAOTest"/>
  <system-out/>
  <testcase name="insertStaff18" time="0.098" classname="UnitTest.StaffDAOTest"/>
  <system-out/>
  <testcase name="insertStaff34" time="0.065" classname="UnitTest.StaffDAOTest"/>
  <system-out/>
  <testcase name="insertStaff41" time="0.150" classname="UnitTest.StaffDAOTest"/>
  <system-out/>
  <testcase name="insertStaff17" time="0.086" classname="UnitTest.StaffDAOTest"/>
  <system-out/>
  <testcase name="insertStaff29" time="0.084" classname="UnitTest.StaffDAOTest"/>
  <system-out/>
  <testcase name="insertStaff40" time="0.079" classname="UnitTest.StaffDAOTest"/>
  <system-out/>
  <testcase name="insertStaff25" time="0.083" classname="UnitTest.StaffDAOTest"/>
  <system-out/>
  <testcase name="insertStaff37" time="0.113" classname="UnitTest.StaffDAOTest"/>
  <system-out/>
  <testcase name="insertStaff45" time="0.079" classname="UnitTest.StaffDAOTest"/>
  <system-out/>
  <testcase name="insertStaff28" time="0.069" classname="UnitTest.StaffDAOTest"/>
  <system-out/>
  <testcase name="insertStaff3" time="0.073" classname="UnitTest.StaffDAOTest"/>
  <system-out/>
  <testcase name="insertStaff35" time="0.067" classname="UnitTest.StaffDAOTest"/>
  <system-out/>
  <testcase name="insertStaff8" time="0.120" classname="UnitTest.StaffDAOTest"/>
  <system-out/>
  <testcase name="insertStaff11" time="0.134" classname="UnitTest.StaffDAOTest"/>
  <system-out/>
  <testcase name="insertStaff13" time="0.075" classname="UnitTest.StaffDAOTest"/>
  <system-out/>
  <testcase name="insertStaff21" time="0.201" classname="UnitTest.StaffDAOTest"/>
  <system-out/>
  <testcase name="insertStaff32" time="0.066" classname="UnitTest.StaffDAOTest"/>
  <system-out/>
  <testcase name="insertStaff12" time="0.126" classname="UnitTest.StaffDAOTest"/>
  <system-out/>
  <testcase name="insertStaff19" time="0.094" classname="UnitTest.StaffDAOTest"/>
  <system-out/>
  <testcase name="insertStaff33" time="0.087" classname="UnitTest.StaffDAOTest"/>
  <system-out/>
  <testcase name="insertStaff48" time="0.092" classname="UnitTest.StaffDAOTest"/>
  <system-out/>
  <testcase name="insertStaff22" time="0.076" classname="UnitTest.StaffDAOTest"/>
  <system-out/>
</testsuite> <!-- UnitTest.StaffDAOTest -->
