<?xml version="1.0" encoding="UTF-8"?>
<!-- Generated by org.testng.reporters.JUnitReportReporter -->
<testsuite skipped="0" hostname="DESKTOP-TTL6LUL" name="AutomationTest.newvilbo" tests="1" failures="0" timestamp="2021-03-01T20:14:31 ICT" time="34.057" errors="0">
  <testcase name="testCase1" time="34.057" classname="AutomationTest.newvilbo"/>
  <system-out/>
</testsuite> <!-- AutomationTest.newvilbo -->
