<?xml version="1.0" encoding="UTF-8"?>
<!-- Generated by org.testng.reporters.JUnitReportReporter -->
<testsuite skipped="0" hostname="DESKTOP-TTL6LUL" name="UnitTest.DepartmentDAOTest" tests="21" failures="0" timestamp="2021-03-10T10:09:17 ICT" time="1.935" errors="0">
  <testcase name="Add_11" time="0.096" classname="UnitTest.DepartmentDAOTest"/>
  <system-out/>
  <testcase name="Add_03" time="0.132" classname="UnitTest.DepartmentDAOTest"/>
  <system-out/>
  <testcase name="Add_13" time="0.095" classname="UnitTest.DepartmentDAOTest"/>
  <system-out/>
  <testcase name="Add_09" time="0.057" classname="UnitTest.DepartmentDAOTest"/>
  <system-out/>
  <testcase name="Add_05" time="0.114" classname="UnitTest.DepartmentDAOTest"/>
  <system-out/>
  <testcase name="Add_01" time="0.125" classname="UnitTest.DepartmentDAOTest"/>
  <system-out/>
  <testcase name="Add_07" time="0.061" classname="UnitTest.DepartmentDAOTest"/>
  <system-out/>
  <testcase name="Add_15" time="0.066" classname="UnitTest.DepartmentDAOTest"/>
  <system-out/>
  <testcase name="Add_19" time="0.069" classname="UnitTest.DepartmentDAOTest"/>
  <system-out/>
  <testcase name="Add_21" time="0.075" classname="UnitTest.DepartmentDAOTest"/>
  <system-out/>
  <testcase name="Add_14" time="0.078" classname="UnitTest.DepartmentDAOTest"/>
  <system-out/>
  <testcase name="Add_04" time="0.124" classname="UnitTest.DepartmentDAOTest"/>
  <system-out/>
  <testcase name="Add_06" time="0.061" classname="UnitTest.DepartmentDAOTest"/>
  <system-out/>
  <testcase name="Add_10" time="0.075" classname="UnitTest.DepartmentDAOTest"/>
  <system-out/>
  <testcase name="Add_08" time="0.070" classname="UnitTest.DepartmentDAOTest"/>
  <system-out/>
  <testcase name="Add_17" time="0.068" classname="UnitTest.DepartmentDAOTest"/>
  <system-out/>
  <testcase name="Add_18" time="0.070" classname="UnitTest.DepartmentDAOTest"/>
  <system-out/>
  <testcase name="Add_20" time="0.088" classname="UnitTest.DepartmentDAOTest"/>
  <system-out/>
  <testcase name="Add_16" time="0.058" classname="UnitTest.DepartmentDAOTest"/>
  <system-out/>
  <testcase name="Add_02" time="0.289" classname="UnitTest.DepartmentDAOTest"/>
  <system-out/>
  <testcase name="Add_12" time="0.064" classname="UnitTest.DepartmentDAOTest"/>
  <system-out/>
</testsuite> <!-- UnitTest.DepartmentDAOTest -->
