<?xml version="1.0" encoding="UTF-8"?>
<!-- Generated by org.testng.reporters.JUnitReportReporter -->
<testsuite skipped="0" hostname="DESKTOP-TTL6LUL" name="UnitTest.DeleteDepartmentDAOTest1" tests="1" failures="0" timestamp="2021-03-10T13:32:39 ICT" time="0.557" errors="0">
  <testcase name="delete_01" time="0.557" classname="UnitTest.DeleteDepartmentDAOTest1"/>
  <system-out/>
</testsuite> <!-- UnitTest.DeleteDepartmentDAOTest1 -->
