<?xml version="1.0" encoding="UTF-8"?>
<!-- Generated by org.testng.reporters.JUnitReportReporter -->
<testsuite skipped="0" hostname="DESKTOP-TTL6LUL" name="AutomationTestUser.FullnameTest" tests="17" failures="0" timestamp="2021-03-10T10:09:17 ICT" time="34.641" errors="0">
  <testcase name="Add_20" time="2.132" classname="AutomationTestUser.FullnameTest"/>
  <system-out/>
  <testcase name="Add_21" time="1.996" classname="AutomationTestUser.FullnameTest"/>
  <system-out/>
  <testcase name="Add_22" time="1.979" classname="AutomationTestUser.FullnameTest"/>
  <system-out/>
  <testcase name="Add_23" time="2.093" classname="AutomationTestUser.FullnameTest"/>
  <system-out/>
  <testcase name="Add_24" time="1.919" classname="AutomationTestUser.FullnameTest"/>
  <system-out/>
  <testcase name="Add_25" time="2.025" classname="AutomationTestUser.FullnameTest"/>
  <system-out/>
  <testcase name="Add_26" time="1.938" classname="AutomationTestUser.FullnameTest"/>
  <system-out/>
  <testcase name="Add_27" time="2.002" classname="AutomationTestUser.FullnameTest"/>
  <system-out/>
  <testcase name="Add_28" time="1.951" classname="AutomationTestUser.FullnameTest"/>
  <system-out/>
  <testcase name="Add_29" time="2.122" classname="AutomationTestUser.FullnameTest"/>
  <system-out/>
  <testcase name="Add_30" time="2.066" classname="AutomationTestUser.FullnameTest"/>
  <system-out/>
  <testcase name="Add_31" time="2.281" classname="AutomationTestUser.FullnameTest"/>
  <system-out/>
  <testcase name="Add_32" time="2.025" classname="AutomationTestUser.FullnameTest"/>
  <system-out/>
  <testcase name="Add_33" time="1.922" classname="AutomationTestUser.FullnameTest"/>
  <system-out/>
  <testcase name="Add_34" time="2.014" classname="AutomationTestUser.FullnameTest"/>
  <system-out/>
  <testcase name="Add_35" time="2.057" classname="AutomationTestUser.FullnameTest"/>
  <system-out/>
  <testcase name="Add_36" time="2.119" classname="AutomationTestUser.FullnameTest"/>
  <system-out/>
</testsuite> <!-- AutomationTestUser.FullnameTest -->
