<?xml version="1.0" encoding="UTF-8"?>
<!-- Generated by org.testng.reporters.JUnitReportReporter -->
<testsuite skipped="0" hostname="DESKTOP-TTL6LUL" name="UnitTest.UserDAOTest" tests="30" failures="0" timestamp="2021-03-10T13:12:07 ICT" time="4.512" errors="0">
  <testcase name="insertUser" time="0.241" classname="UnitTest.UserDAOTest"/>
  <system-out/>
  <testcase name="insertUser" time="0.272" classname="UnitTest.UserDAOTest"/>
  <system-out/>
  <testcase name="insertUser" time="0.141" classname="UnitTest.UserDAOTest"/>
  <system-out/>
  <testcase name="insertUser" time="0.111" classname="UnitTest.UserDAOTest"/>
  <system-out/>
  <testcase name="insertUser" time="0.108" classname="UnitTest.UserDAOTest"/>
  <system-out/>
  <testcase name="insertUser" time="0.100" classname="UnitTest.UserDAOTest"/>
  <system-out/>
  <testcase name="insertUser" time="0.107" classname="UnitTest.UserDAOTest"/>
  <system-out/>
  <testcase name="insertUser" time="0.087" classname="UnitTest.UserDAOTest"/>
  <system-out/>
  <testcase name="insertUser" time="0.114" classname="UnitTest.UserDAOTest"/>
  <system-out/>
  <testcase name="insertUser" time="0.226" classname="UnitTest.UserDAOTest"/>
  <system-out/>
  <testcase name="insertUser" time="0.166" classname="UnitTest.UserDAOTest"/>
  <system-out/>
  <testcase name="insertUser" time="0.157" classname="UnitTest.UserDAOTest"/>
  <system-out/>
  <testcase name="insertUser" time="0.130" classname="UnitTest.UserDAOTest"/>
  <system-out/>
  <testcase name="insertUser" time="0.108" classname="UnitTest.UserDAOTest"/>
  <system-out/>
  <testcase name="insertUser" time="0.108" classname="UnitTest.UserDAOTest"/>
  <system-out/>
  <testcase name="insertUser" time="0.097" classname="UnitTest.UserDAOTest"/>
  <system-out/>
  <testcase name="insertUser" time="0.304" classname="UnitTest.UserDAOTest"/>
  <system-out/>
  <testcase name="insertUser" time="0.100" classname="UnitTest.UserDAOTest"/>
  <system-out/>
  <testcase name="insertUser" time="0.108" classname="UnitTest.UserDAOTest"/>
  <system-out/>
  <testcase name="insertUser" time="0.092" classname="UnitTest.UserDAOTest"/>
  <system-out/>
  <testcase name="insertUser" time="0.146" classname="UnitTest.UserDAOTest"/>
  <system-out/>
  <testcase name="insertUser" time="0.159" classname="UnitTest.UserDAOTest"/>
  <system-out/>
  <testcase name="insertUser" time="0.152" classname="UnitTest.UserDAOTest"/>
  <system-out/>
  <testcase name="insertUser" time="0.109" classname="UnitTest.UserDAOTest"/>
  <system-out/>
  <testcase name="insertUser" time="0.318" classname="UnitTest.UserDAOTest"/>
  <system-out/>
  <testcase name="insertUser" time="0.105" classname="UnitTest.UserDAOTest"/>
  <system-out/>
  <testcase name="insertUser" time="0.101" classname="UnitTest.UserDAOTest"/>
  <system-out/>
  <testcase name="insertUser" time="0.189" classname="UnitTest.UserDAOTest"/>
  <system-out/>
  <testcase name="insertUser" time="0.276" classname="UnitTest.UserDAOTest"/>
  <system-out/>
  <testcase name="insertUser" time="0.080" classname="UnitTest.UserDAOTest"/>
  <system-out/>
</testsuite> <!-- UnitTest.UserDAOTest -->
